<?xml version="1.0" encoding="UTF-8"?>
<testsuite name="com.example.scraper.ScraperApplicationTests" tests="1" skipped="0" failures="0" errors="0" timestamp="2021-01-22T00:45:35" hostname="ANDREW" time="0.358">
  <properties/>
  <testcase name="contextLoads()" classname="com.example.scraper.ScraperApplicationTests" time="0.358"/>
  <system-out><![CDATA[19:45:33.573 [Test worker] DEBUG org.springframework.test.context.BootstrapUtils - Instantiating CacheAwareContextLoaderDelegate from class [org.springframework.test.context.cache.DefaultCacheAwareContextLoaderDelegate]
19:45:33.587 [Test worker] DEBUG org.springframework.test.context.BootstrapUtils - Instantiating BootstrapContext using constructor [public org.springframework.test.context.support.DefaultBootstrapContext(java.lang.Class,org.springframework.test.context.CacheAwareContextLoaderDelegate)]
19:45:33.619 [Test worker] DEBUG org.springframework.test.context.BootstrapUtils - Instantiating TestContextBootstrapper for test class [com.example.scraper.ScraperApplicationTests] from class [org.springframework.boot.test.context.SpringBootTestContextBootstrapper]
19:45:33.631 [Test worker] INFO org.springframework.boot.test.context.SpringBootTestContextBootstrapper - Neither @ContextConfiguration nor @ContextHierarchy found for test class [com.example.scraper.ScraperApplicationTests], using SpringBootContextLoader
19:45:33.635 [Test worker] DEBUG org.springframework.test.context.support.AbstractContextLoader - Did not detect default resource location for test class [com.example.scraper.ScraperApplicationTests]: class path resource [com/example/scraper/ScraperApplicationTests-context.xml] does not exist
19:45:33.636 [Test worker] DEBUG org.springframework.test.context.support.AbstractContextLoader - Did not detect default resource location for test class [com.example.scraper.ScraperApplicationTests]: class path resource [com/example/scraper/ScraperApplicationTestsContext.groovy] does not exist
19:45:33.636 [Test worker] INFO org.springframework.test.context.support.AbstractContextLoader - Could not detect default resource locations for test class [com.example.scraper.ScraperApplicationTests]: no resource found for suffixes {-context.xml, Context.groovy}.
19:45:33.637 [Test worker] INFO org.springframework.test.context.support.AnnotationConfigContextLoaderUtils - Could not detect default configuration classes for test class [com.example.scraper.ScraperApplicationTests]: ScraperApplicationTests does not declare any static, non-private, non-final, nested classes annotated with @Configuration.
19:45:33.683 [Test worker] DEBUG org.springframework.test.context.support.ActiveProfilesUtils - Could not find an 'annotation declaring class' for annotation type [org.springframework.test.context.ActiveProfiles] and class [com.example.scraper.ScraperApplicationTests]
19:45:33.742 [Test worker] DEBUG org.springframework.context.annotation.ClassPathScanningCandidateComponentProvider - Identified candidate component class: file [E:\OneDrive\Documents\Programming\Spring-Stuff\scraper-api\scraper\build\classes\java\main\com\example\scraper\ScraperApplication.class]
19:45:33.754 [Test worker] INFO org.springframework.boot.test.context.SpringBootTestContextBootstrapper - Found @SpringBootConfiguration com.example.scraper.ScraperApplication for test class com.example.scraper.ScraperApplicationTests
19:45:33.869 [Test worker] DEBUG org.springframework.boot.test.context.SpringBootTestContextBootstrapper - @TestExecutionListeners is not present for class [com.example.scraper.ScraperApplicationTests]: using defaults.
19:45:33.871 [Test worker] INFO org.springframework.boot.test.context.SpringBootTestContextBootstrapper - Loaded default TestExecutionListener class names from location [META-INF/spring.factories]: [org.springframework.boot.test.autoconfigure.restdocs.RestDocsTestExecutionListener, org.springframework.boot.test.autoconfigure.web.client.MockRestServiceServerResetTestExecutionListener, org.springframework.boot.test.autoconfigure.web.servlet.MockMvcPrintOnlyOnFailureTestExecutionListener, org.springframework.boot.test.autoconfigure.web.servlet.WebDriverTestExecutionListener, org.springframework.boot.test.autoconfigure.webservices.client.MockWebServiceServerTestExecutionListener, org.springframework.boot.test.mock.mockito.MockitoTestExecutionListener, org.springframework.boot.test.mock.mockito.ResetMocksTestExecutionListener, org.springframework.test.context.web.ServletTestExecutionListener, org.springframework.test.context.support.DirtiesContextBeforeModesTestExecutionListener, org.springframework.test.context.event.ApplicationEventsTestExecutionListener, org.springframework.test.context.support.DependencyInjectionTestExecutionListener, org.springframework.test.context.support.DirtiesContextTestExecutionListener, org.springframework.test.context.transaction.TransactionalTestExecutionListener, org.springframework.test.context.jdbc.SqlScriptsTestExecutionListener, org.springframework.test.context.event.EventPublishingTestExecutionListener]
19:45:33.884 [Test worker] DEBUG org.springframework.boot.test.context.SpringBootTestContextBootstrapper - Skipping candidate TestExecutionListener [org.springframework.test.context.transaction.TransactionalTestExecutionListener] due to a missing dependency. Specify custom listener classes or make the default listener classes and their required dependencies available. Offending class: [org/springframework/transaction/interceptor/TransactionAttributeSource]
19:45:33.885 [Test worker] DEBUG org.springframework.boot.test.context.SpringBootTestContextBootstrapper - Skipping candidate TestExecutionListener [org.springframework.test.context.jdbc.SqlScriptsTestExecutionListener] due to a missing dependency. Specify custom listener classes or make the default listener classes and their required dependencies available. Offending class: [org/springframework/transaction/interceptor/TransactionAttribute]
19:45:33.885 [Test worker] INFO org.springframework.boot.test.context.SpringBootTestContextBootstrapper - Using TestExecutionListeners: [org.springframework.test.context.web.ServletTestExecutionListener@313e10e1, org.springframework.test.context.support.DirtiesContextBeforeModesTestExecutionListener@2ccd6b78, org.springframework.test.context.event.ApplicationEventsTestExecutionListener@3c8a0581, org.springframework.boot.test.mock.mockito.MockitoTestExecutionListener@2636342d, org.springframework.boot.test.autoconfigure.SpringBootDependencyInjectionTestExecutionListener@67ce9112, org.springframework.test.context.support.DirtiesContextTestExecutionListener@201fa038, org.springframework.test.context.event.EventPublishingTestExecutionListener@4c550fb7, org.springframework.boot.test.autoconfigure.restdocs.RestDocsTestExecutionListener@5b55dd4c, org.springframework.boot.test.autoconfigure.web.client.MockRestServiceServerResetTestExecutionListener@48009135, org.springframework.boot.test.autoconfigure.web.servlet.MockMvcPrintOnlyOnFailureTestExecutionListener@15c3e66d, org.springframework.boot.test.autoconfigure.web.servlet.WebDriverTestExecutionListener@718f6bd5, org.springframework.boot.test.autoconfigure.webservices.client.MockWebServiceServerTestExecutionListener@4c57715, org.springframework.boot.test.mock.mockito.ResetMocksTestExecutionListener@4800c781]
19:45:33.890 [Test worker] DEBUG org.springframework.test.context.support.AbstractDirtiesContextTestExecutionListener - Before test class: context [DefaultTestContext@44852b13 testClass = ScraperApplicationTests, testInstance = [null], testMethod = [null], testException = [null], mergedContextConfiguration = [WebMergedContextConfiguration@559eb76d testClass = ScraperApplicationTests, locations = '{}', classes = '{class com.example.scraper.ScraperApplication}', contextInitializerClasses = '[]', activeProfiles = '{}', propertySourceLocations = '{}', propertySourceProperties = '{org.springframework.boot.test.context.SpringBootTestContextBootstrapper=true}', contextCustomizers = set[org.springframework.boot.test.autoconfigure.actuate.metrics.MetricsExportContextCustomizerFactory$DisableMetricExportContextCustomizer@111ec244, org.springframework.boot.test.autoconfigure.properties.PropertyMappingContextCustomizer@0, org.springframework.boot.test.autoconfigure.web.servlet.WebDriverContextCustomizerFactory$Customizer@1618104a, org.springframework.boot.test.context.filter.ExcludeFilterContextCustomizer@1bca37ed, org.springframework.boot.test.json.DuplicateJsonObjectContextCustomizerFactory$DuplicateJsonObjectContextCustomizer@29c6dcb5, org.springframework.boot.test.mock.mockito.MockitoContextCustomizer@0, org.springframework.boot.test.web.client.TestRestTemplateContextCustomizer@75210102, org.springframework.boot.test.context.SpringBootTestArgs@1, org.springframework.boot.test.context.SpringBootTestWebEnvironment@13453b44], resourceBasePath = 'src/main/webapp', contextLoader = 'org.springframework.boot.test.context.SpringBootContextLoader', parent = [null]], attributes = map['org.springframework.test.context.web.ServletTestExecutionListener.activateListener' -> true]], class annotated with @DirtiesContext [false] with mode [null].
19:45:33.924 [Test worker] DEBUG org.springframework.test.context.support.TestPropertySourceUtils - Adding inlined properties to environment: {spring.jmx.enabled=false, org.springframework.boot.test.context.SpringBootTestContextBootstrapper=true}

  .   ____          _            __ _ _
 /\\ / ___'_ __ _ _(_)_ __  __ _ \ \ \ \
( ( )\___ | '_ | '_| | '_ \/ _` | \ \ \ \
 \\/  ___)| |_)| | | | | || (_| |  ) ) ) )
  '  |____| .__|_| |_|_| |_\__, | / / / /
 =========|_|==============|___/=/_/_/_/
 :: Spring Boot ::                (v2.4.2)

2021-01-21 19:45:34.190  INFO 11072 --- [    Test worker] c.e.scraper.ScraperApplicationTests      : Starting ScraperApplicationTests using Java 15 on Andrew with PID 11072 (started by Andre in E:\OneDrive\Documents\Programming\Spring-Stuff\scraper-api\scraper)
2021-01-21 19:45:34.192  INFO 11072 --- [    Test worker] c.e.scraper.ScraperApplicationTests      : No active profile set, falling back to default profiles: default
2021-01-21 19:45:35.216  INFO 11072 --- [    Test worker] o.s.s.concurrent.ThreadPoolTaskExecutor  : Initializing ExecutorService 'applicationTaskExecutor'
2021-01-21 19:45:35.506  INFO 11072 --- [    Test worker] c.e.scraper.ScraperApplicationTests      : Started ScraperApplicationTests in 1.575 seconds (JVM running for 2.633)
]]></system-out>
  <system-err><![CDATA[]]></system-err>
</testsuite>
